This file contains any messages produced by compilers while
running configure, to aid debugging if configure makes a mistake.

It was created by pam-face-authentication configure 0.3, which was
generated by GNU Autoconf 2.63.  Invocation command line was

  $ ./configure --no-create --no-recursion

## --------- ##
## Platform. ##
## --------- ##

hostname = linux-viu9
uname -m = i686
uname -r = 2.6.27.21-0.1-pae
uname -s = Linux
uname -v = #1 SMP 2009-03-31 14:50:44 +0200

/usr/bin/uname -p = unknown
/bin/uname -X     = unknown

/bin/arch              = i686
/usr/bin/arch -k       = unknown
/usr/convex/getsysinfo = unknown
/usr/bin/hostinfo      = unknown
/bin/machine           = unknown
/usr/bin/oslevel       = unknown
/bin/universe          = unknown

PATH: /usr/lib/mpi/gcc/openmpi/bin
PATH: /home/darksid3hack0r/bin
PATH: /usr/local/bin
PATH: /usr/bin
PATH: /bin
PATH: /usr/bin/X11
PATH: /usr/X11R6/bin
PATH: /usr/games
PATH: /usr/lib/jvm/jre/bin
PATH: /usr/lib/mit/bin
PATH: /usr/lib/mit/sbin


## ----------- ##
## Core tests. ##
## ----------- ##

configure:2105: checking for a BSD-compatible install
configure:2173: result: /usr/bin/install -c
configure:2184: checking whether build environment is sane
configure:2227: result: yes
configure:2248: WARNING: `missing' script is too old or missing
configure:2252: checking for a thread-safe mkdir -p
configure:2291: result: /bin/mkdir -p
configure:2304: checking for gawk
configure:2320: found /usr/bin/gawk
configure:2331: result: gawk
configure:2342: checking whether make sets $(MAKE)
configure:2364: result: yes
configure:2602: checking for gcc
configure:2618: found /usr/bin/gcc
configure:2629: result: gcc
configure:2861: checking for C compiler version
configure:2869: gcc --version >&5
gcc (SUSE Linux) 4.3.2 [gcc-4_3-branch revision 141291]
Copyright (C) 2008 Free Software Foundation, Inc.
This is free software; see the source for copying conditions.  There is NO
warranty; not even for MERCHANTABILITY or FITNESS FOR A PARTICULAR PURPOSE.

configure:2873: $? = 0
configure:2880: gcc -v >&5
Using built-in specs.
Target: i586-suse-linux
Configured with: ../configure --prefix=/usr --infodir=/usr/share/info --mandir=/usr/share/man --libdir=/usr/lib --libexecdir=/usr/lib --enable-languages=c,c++,objc,fortran,obj-c++,java,ada --enable-checking=release --with-gxx-include-dir=/usr/include/c++/4.3 --enable-ssp --disable-libssp --with-bugurl=http://bugs.opensuse.org/ --with-pkgversion='SUSE Linux' --disable-libgcj --disable-libmudflap --with-slibdir=/lib --with-system-zlib --enable-__cxa_atexit --enable-libstdcxx-allocator=new --disable-libstdcxx-pch --enable-version-specific-runtime-libs --program-suffix=-4.3 --enable-linux-futex --without-system-libunwind --with-cpu=generic --build=i586-suse-linux
Thread model: posix
gcc version 4.3.2 [gcc-4_3-branch revision 141291] (SUSE Linux) 
configure:2884: $? = 0
configure:2891: gcc -V >&5
gcc: '-V' option must have argument
configure:2895: $? = 1
configure:2918: checking for C compiler default output file name
configure:2940: gcc    conftest.c  >&5
configure:2944: $? = 0
configure:2982: result: a.out
configure:3001: checking whether the C compiler works
configure:3011: ./a.out
configure:3015: $? = 0
configure:3034: result: yes
configure:3041: checking whether we are cross compiling
configure:3043: result: no
configure:3046: checking for suffix of executables
configure:3053: gcc -o conftest    conftest.c  >&5
configure:3057: $? = 0
configure:3083: result: 
configure:3089: checking for suffix of object files
configure:3115: gcc -c   conftest.c >&5
configure:3119: $? = 0
configure:3144: result: o
configure:3148: checking whether we are using the GNU C compiler
configure:3177: gcc -c   conftest.c >&5
configure:3184: $? = 0
configure:3201: result: yes
configure:3210: checking whether gcc accepts -g
configure:3240: gcc -c -g  conftest.c >&5
configure:3247: $? = 0
configure:3348: result: yes
configure:3365: checking for gcc option to accept ISO C89
configure:3439: gcc  -c -g -O2  conftest.c >&5
configure:3446: $? = 0
configure:3469: result: none needed
configure:3498: checking for style of include used by make
configure:3526: result: GNU
configure:3551: checking dependency style of gcc
configure:3642: result: gcc3
configure:3715: checking for g++
configure:3731: found /usr/bin/g++
configure:3742: result: g++
configure:3769: checking for C++ compiler version
configure:3777: g++ --version >&5
g++ (SUSE Linux) 4.3.2 [gcc-4_3-branch revision 141291]
Copyright (C) 2008 Free Software Foundation, Inc.
This is free software; see the source for copying conditions.  There is NO
warranty; not even for MERCHANTABILITY or FITNESS FOR A PARTICULAR PURPOSE.

configure:3781: $? = 0
configure:3788: g++ -v >&5
Using built-in specs.
Target: i586-suse-linux
Configured with: ../configure --prefix=/usr --infodir=/usr/share/info --mandir=/usr/share/man --libdir=/usr/lib --libexecdir=/usr/lib --enable-languages=c,c++,objc,fortran,obj-c++,java,ada --enable-checking=release --with-gxx-include-dir=/usr/include/c++/4.3 --enable-ssp --disable-libssp --with-bugurl=http://bugs.opensuse.org/ --with-pkgversion='SUSE Linux' --disable-libgcj --disable-libmudflap --with-slibdir=/lib --with-system-zlib --enable-__cxa_atexit --enable-libstdcxx-allocator=new --disable-libstdcxx-pch --enable-version-specific-runtime-libs --program-suffix=-4.3 --enable-linux-futex --without-system-libunwind --with-cpu=generic --build=i586-suse-linux
Thread model: posix
gcc version 4.3.2 [gcc-4_3-branch revision 141291] (SUSE Linux) 
configure:3792: $? = 0
configure:3799: g++ -V >&5
g++: '-V' option must have argument
configure:3803: $? = 1
configure:3806: checking whether we are using the GNU C++ compiler
configure:3835: g++ -c   conftest.cpp >&5
configure:3842: $? = 0
configure:3859: result: yes
configure:3868: checking whether g++ accepts -g
configure:3898: g++ -c -g  conftest.cpp >&5
configure:3905: $? = 0
configure:4006: result: yes
configure:4031: checking dependency style of g++
configure:4122: result: gcc3
configure:4138: checking whether gcc and cc understand -c and -o together
configure:4173: gcc -c conftest.c -o conftest2.o >&5
configure:4177: $? = 0
configure:4183: gcc -c conftest.c -o conftest2.o >&5
configure:4187: $? = 0
configure:4198: cc -c conftest.c >&5
configure:4202: $? = 0
configure:4210: cc -c conftest.c -o conftest2.o >&5
configure:4214: $? = 0
configure:4220: cc -c conftest.c -o conftest2.o >&5
configure:4224: $? = 0
configure:4242: result: yes
configure:4270: WARNING: Libtool does not cope well with whitespace in `pwd`
configure:4299: checking build system type
configure:4317: result: i686-suse-linux-gnu
configure:4339: checking host system type
configure:4354: result: i686-suse-linux-gnu
configure:4376: checking for a sed that does not truncate output
configure:4442: result: /usr/bin/sed
configure:4460: checking for grep that handles long lines and -e
configure:4520: result: /usr/bin/grep
configure:4525: checking for egrep
configure:4589: result: /usr/bin/grep -E
configure:4594: checking for fgrep
configure:4658: result: /usr/bin/grep -F
configure:4693: checking for ld used by gcc
configure:4760: result: /usr/i586-suse-linux/bin/ld
configure:4769: checking if the linker (/usr/i586-suse-linux/bin/ld) is GNU ld
configure:4784: result: yes
configure:4796: checking for BSD- or MS-compatible name lister (nm)
configure:4845: result: /usr/bin/nm -B
configure:4963: checking the name lister (/usr/bin/nm -B) interface
configure:4970: gcc -c -g -O2  conftest.c >&5
configure:4973: /usr/bin/nm -B "conftest.o"
configure:4976: output
00000000 B some_variable
configure:4983: result: BSD nm
configure:4986: checking whether ln -s works
configure:4990: result: yes
configure:4998: checking the maximum length of command line arguments
configure:5118: result: 805306365
configure:5135: checking whether the shell understands some XSI constructs
configure:5145: result: yes
configure:5149: checking whether the shell understands "+="
configure:5155: result: yes
configure:5190: checking for /usr/i586-suse-linux/bin/ld option to reload object files
configure:5197: result: -r
configure:5266: checking for objdump
configure:5282: found /usr/bin/objdump
configure:5293: result: objdump
configure:5325: checking how to recognize dependent libraries
configure:5521: result: pass_all
configure:5581: checking for ar
configure:5597: found /usr/bin/ar
configure:5608: result: ar
configure:5686: checking for strip
configure:5702: found /usr/bin/strip
configure:5713: result: strip
configure:5785: checking for ranlib
configure:5801: found /usr/bin/ranlib
configure:5812: result: ranlib
configure:5902: checking command to parse /usr/bin/nm -B output from gcc object
configure:6020: gcc -c -g -O2  conftest.c >&5
configure:6023: $? = 0
configure:6027: /usr/bin/nm -B conftest.o \| sed -n -e 's/^.*[	 ]\([ABCDGIRSTW][ABCDGIRSTW]*\)[	 ][	 ]*\([_A-Za-z][_A-Za-z0-9]*\)$/\1 \2 \2/p' \> conftest.nm
configure:6030: $? = 0
configure:6084: gcc -o conftest -g -O2   conftest.c conftstm.o >&5
configure:6087: $? = 0
configure:6125: result: ok
configure:6992: checking how to run the C preprocessor
configure:7032: gcc -E  conftest.c
configure:7039: $? = 0
configure:7070: gcc -E  conftest.c
conftest.c:10:28: error: ac_nonexistent.h: No such file or directory
configure:7077: $? = 1
configure: failed program was:
| /* confdefs.h.  */
| #define PACKAGE_NAME "pam-face-authentication"
| #define PACKAGE_TARNAME "pam-face-authentication"
| #define PACKAGE_VERSION "0.3"
| #define PACKAGE_STRING "pam-face-authentication 0.3"
| #define PACKAGE_BUGREPORT "http://code.google.com/p/pam_face_authentication/issues/list"
| #define PACKAGE "pam-face-authentication"
| #define VERSION "0.3"
| /* end confdefs.h.  */
| #include <ac_nonexistent.h>
configure:7110: result: gcc -E
configure:7139: gcc -E  conftest.c
configure:7146: $? = 0
configure:7177: gcc -E  conftest.c
conftest.c:10:28: error: ac_nonexistent.h: No such file or directory
configure:7184: $? = 1
configure: failed program was:
| /* confdefs.h.  */
| #define PACKAGE_NAME "pam-face-authentication"
| #define PACKAGE_TARNAME "pam-face-authentication"
| #define PACKAGE_VERSION "0.3"
| #define PACKAGE_STRING "pam-face-authentication 0.3"
| #define PACKAGE_BUGREPORT "http://code.google.com/p/pam_face_authentication/issues/list"
| #define PACKAGE "pam-face-authentication"
| #define VERSION "0.3"
| /* end confdefs.h.  */
| #include <ac_nonexistent.h>
configure:7224: checking for ANSI C header files
configure:7254: gcc -c -g -O2  conftest.c >&5
configure:7261: $? = 0
configure:7360: gcc -o conftest -g -O2   conftest.c  >&5
configure:7364: $? = 0
configure:7370: ./conftest
configure:7374: $? = 0
configure:7392: result: yes
configure:7416: checking for sys/types.h
configure:7437: gcc -c -g -O2  conftest.c >&5
configure:7444: $? = 0
configure:7461: result: yes
configure:7416: checking for sys/stat.h
configure:7437: gcc -c -g -O2  conftest.c >&5
configure:7444: $? = 0
configure:7461: result: yes
configure:7416: checking for stdlib.h
configure:7437: gcc -c -g -O2  conftest.c >&5
configure:7444: $? = 0
configure:7461: result: yes
configure:7416: checking for string.h
configure:7437: gcc -c -g -O2  conftest.c >&5
configure:7444: $? = 0
configure:7461: result: yes
configure:7416: checking for memory.h
configure:7437: gcc -c -g -O2  conftest.c >&5
configure:7444: $? = 0
configure:7461: result: yes
configure:7416: checking for strings.h
configure:7437: gcc -c -g -O2  conftest.c >&5
configure:7444: $? = 0
configure:7461: result: yes
configure:7416: checking for inttypes.h
configure:7437: gcc -c -g -O2  conftest.c >&5
configure:7444: $? = 0
configure:7461: result: yes
configure:7416: checking for stdint.h
configure:7437: gcc -c -g -O2  conftest.c >&5
configure:7444: $? = 0
configure:7461: result: yes
configure:7416: checking for unistd.h
configure:7437: gcc -c -g -O2  conftest.c >&5
configure:7444: $? = 0
configure:7461: result: yes
configure:7479: checking for dlfcn.h
configure:7500: gcc -c -g -O2  conftest.c >&5
configure:7507: $? = 0
configure:7524: result: yes
configure:7651: checking for C++ compiler version
configure:7659: g++ --version >&5
g++ (SUSE Linux) 4.3.2 [gcc-4_3-branch revision 141291]
Copyright (C) 2008 Free Software Foundation, Inc.
This is free software; see the source for copying conditions.  There is NO
warranty; not even for MERCHANTABILITY or FITNESS FOR A PARTICULAR PURPOSE.

configure:7663: $? = 0
configure:7670: g++ -v >&5
Using built-in specs.
Target: i586-suse-linux
Configured with: ../configure --prefix=/usr --infodir=/usr/share/info --mandir=/usr/share/man --libdir=/usr/lib --libexecdir=/usr/lib --enable-languages=c,c++,objc,fortran,obj-c++,java,ada --enable-checking=release --with-gxx-include-dir=/usr/include/c++/4.3 --enable-ssp --disable-libssp --with-bugurl=http://bugs.opensuse.org/ --with-pkgversion='SUSE Linux' --disable-libgcj --disable-libmudflap --with-slibdir=/lib --with-system-zlib --enable-__cxa_atexit --enable-libstdcxx-allocator=new --disable-libstdcxx-pch --enable-version-specific-runtime-libs --program-suffix=-4.3 --enable-linux-futex --without-system-libunwind --with-cpu=generic --build=i586-suse-linux
Thread model: posix
gcc version 4.3.2 [gcc-4_3-branch revision 141291] (SUSE Linux) 
configure:7674: $? = 0
configure:7681: g++ -V >&5
g++: '-V' option must have argument
configure:7685: $? = 1
configure:7688: checking whether we are using the GNU C++ compiler
configure:7741: result: yes
configure:7750: checking whether g++ accepts -g
configure:7888: result: yes
configure:7913: checking dependency style of g++
configure:8004: result: gcc3
configure:8027: checking how to run the C++ preprocessor
configure:8063: g++ -E  conftest.cpp
configure:8070: $? = 0
configure:8101: g++ -E  conftest.cpp
conftest.cpp:21:28: error: ac_nonexistent.h: No such file or directory
configure:8108: $? = 1
configure: failed program was:
| /* confdefs.h.  */
| #define PACKAGE_NAME "pam-face-authentication"
| #define PACKAGE_TARNAME "pam-face-authentication"
| #define PACKAGE_VERSION "0.3"
| #define PACKAGE_STRING "pam-face-authentication 0.3"
| #define PACKAGE_BUGREPORT "http://code.google.com/p/pam_face_authentication/issues/list"
| #define PACKAGE "pam-face-authentication"
| #define VERSION "0.3"
| #define STDC_HEADERS 1
| #define HAVE_SYS_TYPES_H 1
| #define HAVE_SYS_STAT_H 1
| #define HAVE_STDLIB_H 1
| #define HAVE_STRING_H 1
| #define HAVE_MEMORY_H 1
| #define HAVE_STRINGS_H 1
| #define HAVE_INTTYPES_H 1
| #define HAVE_STDINT_H 1
| #define HAVE_UNISTD_H 1
| #define HAVE_DLFCN_H 1
| /* end confdefs.h.  */
| #include <ac_nonexistent.h>
configure:8141: result: g++ -E
configure:8170: g++ -E  conftest.cpp
configure:8177: $? = 0
configure:8208: g++ -E  conftest.cpp
conftest.cpp:21:28: error: ac_nonexistent.h: No such file or directory
configure:8215: $? = 1
configure: failed program was:
| /* confdefs.h.  */
| #define PACKAGE_NAME "pam-face-authentication"
| #define PACKAGE_TARNAME "pam-face-authentication"
| #define PACKAGE_VERSION "0.3"
| #define PACKAGE_STRING "pam-face-authentication 0.3"
| #define PACKAGE_BUGREPORT "http://code.google.com/p/pam_face_authentication/issues/list"
| #define PACKAGE "pam-face-authentication"
| #define VERSION "0.3"
| #define STDC_HEADERS 1
| #define HAVE_SYS_TYPES_H 1
| #define HAVE_SYS_STAT_H 1
| #define HAVE_STDLIB_H 1
| #define HAVE_STRING_H 1
| #define HAVE_MEMORY_H 1
| #define HAVE_STRINGS_H 1
| #define HAVE_INTTYPES_H 1
| #define HAVE_STDINT_H 1
| #define HAVE_UNISTD_H 1
| #define HAVE_DLFCN_H 1
| /* end confdefs.h.  */
| #include <ac_nonexistent.h>
configure:8429: checking for objdir
configure:8444: result: .libs
configure:8736: checking if gcc supports -fno-rtti -fno-exceptions
configure:8754: gcc -c -g -O2  -fno-rtti -fno-exceptions conftest.c >&5
cc1: warning: command line option "-fno-rtti" is valid for C++/ObjC++ but not for C
configure:8758: $? = 0
configure:8771: result: no
configure:8791: checking for gcc option to produce PIC
configure:9063: result: -fPIC -DPIC
configure:9075: checking if gcc PIC flag -fPIC -DPIC works
configure:9093: gcc -c -g -O2  -fPIC -DPIC -DPIC conftest.c >&5
configure:9097: $? = 0
configure:9110: result: yes
configure:9134: checking if gcc static flag -static works
configure:9162: result: yes
configure:9177: checking if gcc supports -c -o file.o
configure:9198: gcc -c -g -O2  -o out/conftest2.o conftest.c >&5
configure:9202: $? = 0
configure:9224: result: yes
configure:9232: checking if gcc supports -c -o file.o
configure:9279: result: yes
configure:9312: checking whether the gcc linker (/usr/i586-suse-linux/bin/ld) supports shared libraries
configure:10386: result: yes
configure:10423: checking whether -lc should be explicitly linked in
configure:10428: gcc -c -g -O2  conftest.c >&5
configure:10431: $? = 0
configure:10446: gcc -shared conftest.o  -v -Wl,-soname -Wl,conftest -o conftest 2\>\&1 \| /usr/bin/grep  -lc  \>/dev/null 2\>\&1
configure:10449: $? = 0
configure:10461: result: no
configure:10625: checking dynamic linker characteristics
configure:11068: gcc -o conftest -g -O2   -Wl,-rpath -Wl,/foo conftest.c  >&5
configure:11075: $? = 0
configure:11308: result: GNU/Linux ld.so
configure:11410: checking how to hardcode library paths into programs
configure:11435: result: immediate
configure:12268: checking whether stripping libraries is possible
configure:12273: result: yes
configure:12308: checking if libtool supports shared libraries
configure:12310: result: yes
configure:12313: checking whether to build shared libraries
configure:12334: result: yes
configure:12337: checking whether to build static libraries
configure:12341: result: yes
configure:12491: checking for ld used by g++
configure:12558: result: /usr/i586-suse-linux/bin/ld
configure:12567: checking if the linker (/usr/i586-suse-linux/bin/ld) is GNU ld
configure:12582: result: yes
configure:12637: checking whether the g++ linker (/usr/i586-suse-linux/bin/ld) supports shared libraries
configure:13612: result: yes
configure:13640: g++ -c -g -O2  conftest.cpp >&5
configure:13643: $? = 0
configure:13825: checking for g++ option to produce PIC
configure:14142: result: -fPIC -DPIC
configure:14151: checking if g++ PIC flag -fPIC -DPIC works
configure:14169: g++ -c -g -O2  -fPIC -DPIC -DPIC conftest.cpp >&5
configure:14173: $? = 0
configure:14186: result: yes
configure:14207: checking if g++ static flag -static works
configure:14235: result: yes
configure:14247: checking if g++ supports -c -o file.o
configure:14268: g++ -c -g -O2  -o out/conftest2.o conftest.cpp >&5
configure:14272: $? = 0
configure:14294: result: yes
configure:14299: checking if g++ supports -c -o file.o
configure:14346: result: yes
configure:14376: checking whether the g++ linker (/usr/i586-suse-linux/bin/ld) supports shared libraries
configure:14402: result: yes
configure:14539: checking dynamic linker characteristics
configure:14930: g++ -o conftest -g -O2   -Wl,-rpath -Wl,/foo conftest.cpp  >&5
configure:14937: $? = 0
configure:15170: result: GNU/Linux ld.so
configure:15221: checking how to hardcode library paths into programs
configure:15246: result: immediate
configure:15317: checking X11/Xlib.h usability
configure:15334: gcc -c -g -O2  conftest.c >&5
configure:15341: $? = 0
configure:15355: result: yes
configure:15359: checking X11/Xlib.h presence
configure:15374: gcc -E  conftest.c
configure:15381: $? = 0
configure:15395: result: yes
configure:15428: checking for X11/Xlib.h
configure:15435: result: yes
configure:15453: checking for XOpenDisplay in -lX11
configure:15488: gcc -o conftest -g -O2   conftest.c -lX11   >&5
configure:15495: $? = 0
configure:15516: result: yes
configure:15533: checking for pam_start in -lpam
configure:15568: gcc -o conftest -g -O2   conftest.c -lpam   >&5
configure:15575: $? = 0
configure:15596: result: yes
configure:15612: checking for main in -lpam
configure:15641: gcc -o conftest -g -O2   conftest.c -lpam  -lpam  >&5
configure:15648: $? = 0
configure:15669: result: yes
configure:15694: checking security/pam_modules.h usability
configure:15711: gcc -c -g -O2  conftest.c >&5
configure:15718: $? = 0
configure:15732: result: yes
configure:15736: checking security/pam_modules.h presence
configure:15751: gcc -E  conftest.c
configure:15758: $? = 0
configure:15772: result: yes
configure:15805: checking for security/pam_modules.h
configure:15812: result: yes
configure:15875: checking for pkg-config
configure:15893: found /usr/bin/pkg-config
configure:15905: result: /usr/bin/pkg-config
configure:15930: checking pkg-config is at least version 0.9.0
configure:15933: result: yes
configure:15944: checking for QTGUI
configure:15951: $PKG_CONFIG --exists --print-errors "QtGui"
configure:15954: $? = 0
configure:15967: $PKG_CONFIG --exists --print-errors "QtGui"
configure:15970: $? = 0
configure:16047: result: yes
configure:16056: checking for QTCORE
configure:16063: $PKG_CONFIG --exists --print-errors "QtCore"
configure:16066: $? = 0
configure:16079: $PKG_CONFIG --exists --print-errors "QtCore"
configure:16082: $? = 0
configure:16159: result: yes
configure:16168: checking for OPENCV
configure:16175: $PKG_CONFIG --exists --print-errors "opencv >= 1.0.0"
configure:16178: $? = 0
configure:16191: $PKG_CONFIG --exists --print-errors "opencv >= 1.0.0"
configure:16194: $? = 0
configure:16271: result: yes
configure:16410: creating ./config.status

## ---------------- ##
## Cache variables. ##
## ---------------- ##

ac_cv_build=i686-suse-linux-gnu
ac_cv_c_compiler_gnu=yes
ac_cv_cxx_compiler_gnu=yes
ac_cv_env_CCC_set=
ac_cv_env_CCC_value=
ac_cv_env_CC_set=
ac_cv_env_CC_value=
ac_cv_env_CFLAGS_set=
ac_cv_env_CFLAGS_value=
ac_cv_env_CPPFLAGS_set=
ac_cv_env_CPPFLAGS_value=
ac_cv_env_CPP_set=
ac_cv_env_CPP_value=
ac_cv_env_CXXCPP_set=
ac_cv_env_CXXCPP_value=
ac_cv_env_CXXFLAGS_set=
ac_cv_env_CXXFLAGS_value=
ac_cv_env_CXX_set=
ac_cv_env_CXX_value=
ac_cv_env_LDFLAGS_set=
ac_cv_env_LDFLAGS_value=
ac_cv_env_LIBS_set=
ac_cv_env_LIBS_value=
ac_cv_env_OPENCV_CFLAGS_set=
ac_cv_env_OPENCV_CFLAGS_value=
ac_cv_env_OPENCV_LIBS_set=
ac_cv_env_OPENCV_LIBS_value=
ac_cv_env_PKG_CONFIG_set=
ac_cv_env_PKG_CONFIG_value=
ac_cv_env_QTCORE_CFLAGS_set=
ac_cv_env_QTCORE_CFLAGS_value=
ac_cv_env_QTCORE_LIBS_set=
ac_cv_env_QTCORE_LIBS_value=
ac_cv_env_QTGUI_CFLAGS_set=
ac_cv_env_QTGUI_CFLAGS_value=
ac_cv_env_QTGUI_LIBS_set=
ac_cv_env_QTGUI_LIBS_value=
ac_cv_env_build_alias_set=
ac_cv_env_build_alias_value=
ac_cv_env_host_alias_set=
ac_cv_env_host_alias_value=
ac_cv_env_target_alias_set=
ac_cv_env_target_alias_value=
ac_cv_header_X11_Xlib_h=yes
ac_cv_header_dlfcn_h=yes
ac_cv_header_inttypes_h=yes
ac_cv_header_memory_h=yes
ac_cv_header_security_pam_modules_h=yes
ac_cv_header_stdc=yes
ac_cv_header_stdint_h=yes
ac_cv_header_stdlib_h=yes
ac_cv_header_string_h=yes
ac_cv_header_strings_h=yes
ac_cv_header_sys_stat_h=yes
ac_cv_header_sys_types_h=yes
ac_cv_header_unistd_h=yes
ac_cv_host=i686-suse-linux-gnu
ac_cv_lib_X11_XOpenDisplay=yes
ac_cv_lib_pam_main=yes
ac_cv_lib_pam_pam_start=yes
ac_cv_objext=o
ac_cv_path_EGREP='/usr/bin/grep -E'
ac_cv_path_FGREP='/usr/bin/grep -F'
ac_cv_path_GREP=/usr/bin/grep
ac_cv_path_SED=/usr/bin/sed
ac_cv_path_ac_pt_PKG_CONFIG=/usr/bin/pkg-config
ac_cv_path_install='/usr/bin/install -c'
ac_cv_path_mkdir=/bin/mkdir
ac_cv_prog_AWK=gawk
ac_cv_prog_CPP='gcc -E'
ac_cv_prog_CXXCPP='g++ -E'
ac_cv_prog_ac_ct_AR=ar
ac_cv_prog_ac_ct_CC=gcc
ac_cv_prog_ac_ct_CXX=g++
ac_cv_prog_ac_ct_OBJDUMP=objdump
ac_cv_prog_ac_ct_RANLIB=ranlib
ac_cv_prog_ac_ct_STRIP=strip
ac_cv_prog_cc_c89=
ac_cv_prog_cc_g=yes
ac_cv_prog_cc_gcc_c_o=yes
ac_cv_prog_cxx_g=yes
ac_cv_prog_make_make_set=yes
am_cv_CC_dependencies_compiler_type=gcc3
am_cv_CXX_dependencies_compiler_type=gcc3
lt_cv_deplibs_check_method=pass_all
lt_cv_file_magic_cmd='$MAGIC_CMD'
lt_cv_file_magic_test_file=
lt_cv_ld_reload_flag=-r
lt_cv_nm_interface='BSD nm'
lt_cv_objdir=.libs
lt_cv_path_LD=/usr/i586-suse-linux/bin/ld
lt_cv_path_LDCXX=/usr/i586-suse-linux/bin/ld
lt_cv_path_NM='/usr/bin/nm -B'
lt_cv_prog_compiler_c_o=yes
lt_cv_prog_compiler_c_o_CXX=yes
lt_cv_prog_compiler_pic_works=yes
lt_cv_prog_compiler_pic_works_CXX=yes
lt_cv_prog_compiler_rtti_exceptions=no
lt_cv_prog_compiler_static_works=yes
lt_cv_prog_compiler_static_works_CXX=yes
lt_cv_prog_gnu_ld=yes
lt_cv_prog_gnu_ldcxx=yes
lt_cv_sys_global_symbol_pipe='sed -n -e '\''s/^.*[	 ]\([ABCDGIRSTW][ABCDGIRSTW]*\)[	 ][	 ]*\([_A-Za-z][_A-Za-z0-9]*\)$/\1 \2 \2/p'\'''
lt_cv_sys_global_symbol_to_c_name_address='sed -n -e '\''s/^: \([^ ]*\) $/  {\"\1\", (void *) 0},/p'\'' -e '\''s/^[ABCDGIRSTW]* \([^ ]*\) \([^ ]*\)$/  {"\2", (void *) \&\2},/p'\'''
lt_cv_sys_global_symbol_to_c_name_address_lib_prefix='sed -n -e '\''s/^: \([^ ]*\) $/  {\"\1\", (void *) 0},/p'\'' -e '\''s/^[ABCDGIRSTW]* \([^ ]*\) \(lib[^ ]*\)$/  {"\2", (void *) \&\2},/p'\'' -e '\''s/^[ABCDGIRSTW]* \([^ ]*\) \([^ ]*\)$/  {"lib\2", (void *) \&\2},/p'\'''
lt_cv_sys_global_symbol_to_cdecl='sed -n -e '\''s/^T .* \(.*\)$/extern int \1();/p'\'' -e '\''s/^[ABCDGIRSTW]* .* \(.*\)$/extern char \1;/p'\'''
lt_cv_sys_max_cmd_len=805306365
pkg_cv_OPENCV_CFLAGS='-I/usr/include/opencv  '
pkg_cv_OPENCV_LIBS='-lcxcore -lcv -lhighgui -lcvaux -lml  '
pkg_cv_QTCORE_CFLAGS='-DQT_SHARED -I/usr/include/QtCore  '
pkg_cv_QTCORE_LIBS='-lQtCore  '
pkg_cv_QTGUI_CFLAGS='-DQT_SHARED -I/usr/include/QtGui -I/usr/include/QtCore  '
pkg_cv_QTGUI_LIBS='-lQtGui -lQtCore  '

## ----------------- ##
## Output variables. ##
## ----------------- ##

ACLOCAL='aclocal-1.10'
AMDEPBACKSLASH='\'
AMDEP_FALSE='#'
AMDEP_TRUE=''
AMTAR='tar'
AR='ar'
AUTOCONF='autoconf'
AUTOHEADER='autoheader'
AUTOMAKE='automake-1.10'
AWK='gawk'
CC='gcc'
CCDEPMODE='depmode=gcc3'
CFLAGS='-g -O2'
CPP='gcc -E'
CPPFLAGS=''
CXX='g++'
CXXCPP='g++ -E'
CXXDEPMODE='depmode=gcc3'
CXXFLAGS='-g -O2'
CYGPATH_W='echo'
DEFS='-DHAVE_CONFIG_H'
DEPDIR='.deps'
DSYMUTIL=''
DUMPBIN=''
ECHO_C=''
ECHO_N='-n'
ECHO_T=''
EGREP='/usr/bin/grep -E'
EXEEXT=''
FGREP='/usr/bin/grep -F'
GREP='/usr/bin/grep'
INSTALL_DATA='${INSTALL} -m 644'
INSTALL_PROGRAM='${INSTALL}'
INSTALL_SCRIPT='${INSTALL}'
INSTALL_STRIP_PROGRAM='$(install_sh) -c -s'
LD='/usr/i586-suse-linux/bin/ld'
LDFLAGS=''
LIBOBJS=''
LIBS='-lpam -lpam '
LIBTOOL='$(SHELL) $(top_builddir)/libtool'
LIPO=''
LN_S='ln -s'
LTLIBOBJS=''
MAKEINFO='makeinfo'
MKDIR_P='/bin/mkdir -p'
NM='/usr/bin/nm -B'
NMEDIT=''
OBJDUMP='objdump'
OBJEXT='o'
OPENCV_CFLAGS='-I/usr/include/opencv  '
OPENCV_LIBS='-lcxcore -lcv -lhighgui -lcvaux -lml  '
OTOOL64=''
OTOOL=''
PACKAGE='pam-face-authentication'
PACKAGE_BUGREPORT='http://code.google.com/p/pam_face_authentication/issues/list'
PACKAGE_NAME='pam-face-authentication'
PACKAGE_STRING='pam-face-authentication 0.3'
PACKAGE_TARNAME='pam-face-authentication'
PACKAGE_VERSION='0.3'
PATH_SEPARATOR=':'
PKG_CONFIG='/usr/bin/pkg-config'
QTCORE_CFLAGS='-DQT_SHARED -I/usr/include/QtCore  '
QTCORE_LIBS='-lQtCore  '
QTGUI_CFLAGS='-DQT_SHARED -I/usr/include/QtGui -I/usr/include/QtCore  '
QTGUI_LIBS='-lQtGui -lQtCore  '
RANLIB='ranlib'
SED='/usr/bin/sed'
SET_MAKE=''
SHELL='/bin/sh'
STRIP='strip'
VERSION='0.3'
X11_LIBS='-lX11'
ac_ct_CC='gcc'
ac_ct_CXX='g++'
ac_ct_DUMPBIN=''
am__fastdepCC_FALSE='#'
am__fastdepCC_TRUE=''
am__fastdepCXX_FALSE='#'
am__fastdepCXX_TRUE=''
am__include='include'
am__isrc=''
am__leading_dot='.'
am__quote=''
am__tar='${AMTAR} chof - "$$tardir"'
am__untar='${AMTAR} xf -'
bindir='${exec_prefix}/bin'
build='i686-suse-linux-gnu'
build_alias=''
build_cpu='i686'
build_os='linux-gnu'
build_vendor='suse'
datadir='${datarootdir}'
datarootdir='${prefix}/share'
docdir='${datarootdir}/doc/${PACKAGE_TARNAME}'
dvidir='${docdir}'
exec_prefix='${prefix}'
host='i686-suse-linux-gnu'
host_alias=''
host_cpu='i686'
host_os='linux-gnu'
host_vendor='suse'
htmldir='${docdir}'
includedir='${prefix}/include'
infodir='${datarootdir}/info'
install_sh='$(SHELL) /home/darksid3hack0r/Gsoc Pardus/pardus/install-sh'
libdir='${exec_prefix}/lib'
libexecdir='${exec_prefix}/libexec'
localedir='${datarootdir}/locale'
localstatedir='${prefix}/var'
lt_ECHO='echo'
mandir='${datarootdir}/man'
mkdir_p='/bin/mkdir -p'
oldincludedir='/usr/include'
pdfdir='${docdir}'
prefix='/usr/local'
program_transform_name='s,x,x,'
psdir='${docdir}'
sbindir='${exec_prefix}/sbin'
sharedstatedir='${prefix}/com'
sysconfdir='${prefix}/etc'
target_alias=''

## ----------- ##
## confdefs.h. ##
## ----------- ##

#define PACKAGE_NAME "pam-face-authentication"
#define PACKAGE_TARNAME "pam-face-authentication"
#define PACKAGE_VERSION "0.3"
#define PACKAGE_STRING "pam-face-authentication 0.3"
#define PACKAGE_BUGREPORT "http://code.google.com/p/pam_face_authentication/issues/list"
#define PACKAGE "pam-face-authentication"
#define VERSION "0.3"
#define STDC_HEADERS 1
#define HAVE_SYS_TYPES_H 1
#define HAVE_SYS_STAT_H 1
#define HAVE_STDLIB_H 1
#define HAVE_STRING_H 1
#define HAVE_MEMORY_H 1
#define HAVE_STRINGS_H 1
#define HAVE_INTTYPES_H 1
#define HAVE_STDINT_H 1
#define HAVE_UNISTD_H 1
#define HAVE_DLFCN_H 1
#define LT_OBJDIR ".libs/"
#define USE_X11 1
#define HAVE_LIBPAM 1
#define HAVE_LIBPAM 1

configure: exit 0

## ---------------------- ##
## Running config.status. ##
## ---------------------- ##

This file was extended by pam-face-authentication config.status 0.3, which was
generated by GNU Autoconf 2.63.  Invocation command line was

  CONFIG_FILES    = 
  CONFIG_HEADERS  = 
  CONFIG_LINKS    = 
  CONFIG_COMMANDS = 
  $ ./config.status 

on linux-viu9

config.status:1054: creating Makefile
config.status:1054: creating config.h
config.status:1276: config.h is unchanged
config.status:1328: executing depfiles commands
config.status:1328: executing libtool commands

## ---------------------- ##
## Running config.status. ##
## ---------------------- ##

This file was extended by pam-face-authentication config.status 0.3, which was
generated by GNU Autoconf 2.63.  Invocation command line was

  CONFIG_FILES    = 
  CONFIG_HEADERS  = 
  CONFIG_LINKS    = 
  CONFIG_COMMANDS = 
  $ ./config.status Makefile depfiles

on linux-viu9

config.status:1054: creating Makefile
config.status:1328: executing depfiles commands

## ---------------------- ##
## Running config.status. ##
## ---------------------- ##

This file was extended by pam-face-authentication config.status 0.3, which was
generated by GNU Autoconf 2.63.  Invocation command line was

  CONFIG_FILES    = 
  CONFIG_HEADERS  = 
  CONFIG_LINKS    = 
  CONFIG_COMMANDS = 
  $ ./config.status config.h

on linux-viu9

config.status:1054: creating config.h
config.status:1276: config.h is unchanged
