This file contains any messages produced by compilers while
running configure, to aid debugging if configure makes a mistake.

It was created by configure, which was
generated by GNU Autoconf 2.61.  Invocation command line was

  $ ./configure 

## --------- ##
## Platform. ##
## --------- ##

hostname = linux
uname -m = i686
uname -r = 2.6.22.5-31-default
uname -s = Linux
uname -v = #1 SMP 2007/09/21 22:29:00 UTC

/usr/bin/uname -p = unknown
/bin/uname -X     = unknown

/bin/arch              = i686
/usr/bin/arch -k       = unknown
/usr/convex/getsysinfo = unknown
/usr/bin/hostinfo      = unknown
/bin/machine           = unknown
/usr/bin/oslevel       = unknown
/bin/universe          = unknown

PATH: /home/darksid3hack0r/bin
PATH: /usr/local/bin
PATH: /usr/bin
PATH: /sbin
PATH: /usr/sbin
PATH: /bin
PATH: /usr/bin/X11
PATH: /usr/X11R6/bin
PATH: /usr/games
PATH: /opt/kde3/bin
PATH: /usr/lib/mit/bin
PATH: /usr/lib/mit/sbin
PATH: /usr/lib/qt3/bin


## ----------- ##
## Core tests. ##
## ----------- ##

configure:1804: checking for a BSD-compatible install
configure:1860: result: /usr/bin/install -c
configure:1871: checking whether build environment is sane
configure:1914: result: yes
configure:1942: checking for a thread-safe mkdir -p
configure:1981: result: /bin/mkdir -p
configure:1994: checking for gawk
configure:2010: found /usr/bin/gawk
configure:2021: result: gawk
configure:2032: checking whether make sets $(MAKE)
configure:2053: result: yes
configure:2243: checking whether to enable maintainer-specific portions of Makefiles
configure:2252: result: no
configure:2278: checking for style of include used by make
configure:2306: result: GNU
configure:2376: checking for gcc
configure:2392: found /usr/bin/gcc
configure:2403: result: gcc
configure:2641: checking for C compiler version
configure:2648: gcc --version >&5
gcc (GCC) 4.2.1 (SUSE Linux)
Copyright (C) 2007 Free Software Foundation, Inc.
This is free software; see the source for copying conditions.  There is NO
warranty; not even for MERCHANTABILITY or FITNESS FOR A PARTICULAR PURPOSE.

configure:2651: $? = 0
configure:2658: gcc -v >&5
Using built-in specs.
Target: i586-suse-linux
Configured with: ../configure --enable-threads=posix --prefix=/usr --with-local-prefix=/usr/local --infodir=/usr/share/info --mandir=/usr/share/man --libdir=/usr/lib --libexecdir=/usr/lib --enable-languages=c,c++,objc,fortran,obj-c++,java,ada --enable-checking=release --with-gxx-include-dir=/usr/include/c++/4.2.1 --enable-ssp --disable-libssp --disable-libgcj --with-slibdir=/lib --with-system-zlib --enable-shared --enable-__cxa_atexit --enable-libstdcxx-allocator=new --disable-libstdcxx-pch --program-suffix=-4.2 --enable-version-specific-runtime-libs --without-system-libunwind --with-cpu=generic --host=i586-suse-linux
Thread model: posix
gcc version 4.2.1 (SUSE Linux)
configure:2661: $? = 0
configure:2668: gcc -V >&5
gcc: '-V' option must have argument
configure:2671: $? = 1
configure:2694: checking for C compiler default output file name
configure:2721: gcc    conftest.c  >&5
configure:2724: $? = 0
configure:2762: result: a.out
configure:2779: checking whether the C compiler works
configure:2789: ./a.out
configure:2792: $? = 0
configure:2809: result: yes
configure:2816: checking whether we are cross compiling
configure:2818: result: no
configure:2821: checking for suffix of executables
configure:2828: gcc -o conftest    conftest.c  >&5
configure:2831: $? = 0
configure:2855: result: 
configure:2861: checking for suffix of object files
configure:2887: gcc -c   conftest.c >&5
configure:2890: $? = 0
configure:2913: result: o
configure:2917: checking whether we are using the GNU C compiler
configure:2946: gcc -c   conftest.c >&5
configure:2952: $? = 0
configure:2969: result: yes
configure:2974: checking whether gcc accepts -g
configure:3004: gcc -c -g  conftest.c >&5
configure:3010: $? = 0
configure:3109: result: yes
configure:3126: checking for gcc option to accept ISO C89
configure:3200: gcc  -c -g -O2  conftest.c >&5
configure:3206: $? = 0
configure:3229: result: none needed
configure:3249: checking dependency style of gcc
configure:3340: result: gcc3
configure:3356: checking for library containing strerror
configure:3397: gcc -o conftest -g -O2   conftest.c  >&5
configure:3403: $? = 0
configure:3431: result: none required
configure:3487: checking for gcc
configure:3514: result: gcc
configure:3752: checking for C compiler version
configure:3759: gcc --version >&5
gcc (GCC) 4.2.1 (SUSE Linux)
Copyright (C) 2007 Free Software Foundation, Inc.
This is free software; see the source for copying conditions.  There is NO
warranty; not even for MERCHANTABILITY or FITNESS FOR A PARTICULAR PURPOSE.

configure:3762: $? = 0
configure:3769: gcc -v >&5
Using built-in specs.
Target: i586-suse-linux
Configured with: ../configure --enable-threads=posix --prefix=/usr --with-local-prefix=/usr/local --infodir=/usr/share/info --mandir=/usr/share/man --libdir=/usr/lib --libexecdir=/usr/lib --enable-languages=c,c++,objc,fortran,obj-c++,java,ada --enable-checking=release --with-gxx-include-dir=/usr/include/c++/4.2.1 --enable-ssp --disable-libssp --disable-libgcj --with-slibdir=/lib --with-system-zlib --enable-shared --enable-__cxa_atexit --enable-libstdcxx-allocator=new --disable-libstdcxx-pch --program-suffix=-4.2 --enable-version-specific-runtime-libs --without-system-libunwind --with-cpu=generic --host=i586-suse-linux
Thread model: posix
gcc version 4.2.1 (SUSE Linux)
configure:3772: $? = 0
configure:3779: gcc -V >&5
gcc: '-V' option must have argument
configure:3782: $? = 1
configure:3785: checking whether we are using the GNU C compiler
configure:3837: result: yes
configure:3842: checking whether gcc accepts -g
configure:3977: result: yes
configure:3994: checking for gcc option to accept ISO C89
configure:4097: result: none needed
configure:4117: checking dependency style of gcc
configure:4208: result: gcc3
configure:4271: checking for gcc
configure:4298: result: gcc
configure:4536: checking for C compiler version
configure:4543: gcc --version >&5
gcc (GCC) 4.2.1 (SUSE Linux)
Copyright (C) 2007 Free Software Foundation, Inc.
This is free software; see the source for copying conditions.  There is NO
warranty; not even for MERCHANTABILITY or FITNESS FOR A PARTICULAR PURPOSE.

configure:4546: $? = 0
configure:4553: gcc -v >&5
Using built-in specs.
Target: i586-suse-linux
Configured with: ../configure --enable-threads=posix --prefix=/usr --with-local-prefix=/usr/local --infodir=/usr/share/info --mandir=/usr/share/man --libdir=/usr/lib --libexecdir=/usr/lib --enable-languages=c,c++,objc,fortran,obj-c++,java,ada --enable-checking=release --with-gxx-include-dir=/usr/include/c++/4.2.1 --enable-ssp --disable-libssp --disable-libgcj --with-slibdir=/lib --with-system-zlib --enable-shared --enable-__cxa_atexit --enable-libstdcxx-allocator=new --disable-libstdcxx-pch --program-suffix=-4.2 --enable-version-specific-runtime-libs --without-system-libunwind --with-cpu=generic --host=i586-suse-linux
Thread model: posix
gcc version 4.2.1 (SUSE Linux)
configure:4556: $? = 0
configure:4563: gcc -V >&5
gcc: '-V' option must have argument
configure:4566: $? = 1
configure:4569: checking whether we are using the GNU C compiler
configure:4621: result: yes
configure:4626: checking whether gcc accepts -g
configure:4761: result: yes
configure:4778: checking for gcc option to accept ISO C89
configure:4881: result: none needed
configure:4901: checking dependency style of gcc
configure:4992: result: gcc3
configure:5015: checking how to run the C preprocessor
configure:5055: gcc -E  conftest.c
configure:5061: $? = 0
configure:5092: gcc -E  conftest.c
conftest.c:10:28: error: ac_nonexistent.h: No such file or directory
configure:5098: $? = 1
configure: failed program was:
| /* confdefs.h.  */
| #define PACKAGE_NAME ""
| #define PACKAGE_TARNAME ""
| #define PACKAGE_VERSION ""
| #define PACKAGE_STRING ""
| #define PACKAGE_BUGREPORT ""
| #define PACKAGE "facetracker"
| #define VERSION "0.1"
| /* end confdefs.h.  */
| #include <ac_nonexistent.h>
configure:5131: result: gcc -E
configure:5160: gcc -E  conftest.c
configure:5166: $? = 0
configure:5197: gcc -E  conftest.c
conftest.c:10:28: error: ac_nonexistent.h: No such file or directory
configure:5203: $? = 1
configure: failed program was:
| /* confdefs.h.  */
| #define PACKAGE_NAME ""
| #define PACKAGE_TARNAME ""
| #define PACKAGE_VERSION ""
| #define PACKAGE_STRING ""
| #define PACKAGE_BUGREPORT ""
| #define PACKAGE "facetracker"
| #define VERSION "0.1"
| /* end confdefs.h.  */
| #include <ac_nonexistent.h>
configure:5241: checking for grep that handles long lines and -e
configure:5315: result: /usr/bin/grep
configure:5320: checking for egrep
configure:5398: result: /usr/bin/grep -E
configure:5403: checking for ANSI C header files
configure:5433: gcc -c -g -O2  conftest.c >&5
configure:5439: $? = 0
configure:5538: gcc -o conftest -g -O2   conftest.c  >&5
configure:5541: $? = 0
configure:5547: ./conftest
configure:5550: $? = 0
configure:5567: result: yes
configure:5628: checking for pkg-config
configure:5646: found /usr/bin/pkg-config
configure:5658: result: /usr/bin/pkg-config
configure:5687: checking pkg-config is at least version 0.9.0
configure:5690: result: yes
configure:5701: checking for PACKAGE
configure:5709: $PKG_CONFIG --exists --print-errors "$pkg_modules"
configure:5712: $? = 0
configure:5727: $PKG_CONFIG --exists --print-errors "$pkg_modules"
configure:5730: $? = 0
configure:5806: result: yes
configure:5836: checking for sys/types.h
configure:5857: gcc -c -g -O2  conftest.c >&5
configure:5863: $? = 0
configure:5879: result: yes
configure:5836: checking for sys/stat.h
configure:5857: gcc -c -g -O2  conftest.c >&5
configure:5863: $? = 0
configure:5879: result: yes
configure:5836: checking for stdlib.h
configure:5857: gcc -c -g -O2  conftest.c >&5
configure:5863: $? = 0
configure:5879: result: yes
configure:5836: checking for string.h
configure:5857: gcc -c -g -O2  conftest.c >&5
configure:5863: $? = 0
configure:5879: result: yes
configure:5836: checking for memory.h
configure:5857: gcc -c -g -O2  conftest.c >&5
configure:5863: $? = 0
configure:5879: result: yes
configure:5836: checking for strings.h
configure:5857: gcc -c -g -O2  conftest.c >&5
configure:5863: $? = 0
configure:5879: result: yes
configure:5836: checking for inttypes.h
configure:5857: gcc -c -g -O2  conftest.c >&5
configure:5863: $? = 0
configure:5879: result: yes
configure:5836: checking for stdint.h
configure:5857: gcc -c -g -O2  conftest.c >&5
configure:5863: $? = 0
configure:5879: result: yes
configure:5836: checking for unistd.h
configure:5857: gcc -c -g -O2  conftest.c >&5
configure:5863: $? = 0
configure:5879: result: yes
configure:5897: checking build system type
configure:5915: result: i686-suse-linux-gnu
configure:5937: checking host system type
configure:5952: result: i686-suse-linux-gnu
configure:5990: checking locale.h usability
configure:6007: gcc -c -g -O2  conftest.c >&5
configure:6013: $? = 0
configure:6027: result: yes
configure:6031: checking locale.h presence
configure:6046: gcc -E  conftest.c
configure:6052: $? = 0
configure:6066: result: yes
configure:6094: checking for locale.h
configure:6102: result: yes
configure:6116: checking for LC_MESSAGES
configure:6142: gcc -o conftest -g -O2   conftest.c  >&5
configure:6148: $? = 0
configure:6165: result: yes
configure:6194: checking libintl.h usability
configure:6211: gcc -c -g -O2  conftest.c >&5
configure:6217: $? = 0
configure:6231: result: yes
configure:6235: checking libintl.h presence
configure:6250: gcc -E  conftest.c
configure:6256: $? = 0
configure:6270: result: yes
configure:6298: checking for libintl.h
configure:6305: result: yes
configure:6316: checking for ngettext in libc
configure:6344: gcc -o conftest -g -O2   conftest.c  >&5
configure:6350: $? = 0
configure:6368: result: yes
configure:6372: checking for dgettext in libc
configure:6400: gcc -o conftest -g -O2   conftest.c  >&5
configure:6406: $? = 0
configure:6424: result: yes
configure:6433: checking for bind_textdomain_codeset
configure:6489: gcc -o conftest -g -O2   conftest.c  >&5
configure:6495: $? = 0
configure:6513: result: yes
configure:7000: checking for msgfmt
configure:7027: result: /usr/bin/msgfmt
configure:7040: checking for dcgettext
configure:7096: gcc -o conftest -g -O2   conftest.c   >&5
conftest.c:48: warning: conflicting types for built-in function 'dcgettext'
configure:7102: $? = 0
configure:7120: result: yes
configure:7131: checking if msgfmt accepts -c
configure:7146: $MSGFMT -c -o /dev/null conftest.foo
configure:7149: $? = 0
configure:7151: result: yes
configure:7161: checking for gmsgfmt
configure:7192: result: /usr/bin/msgfmt
configure:7202: checking for xgettext
configure:7229: result: /usr/bin/xgettext
configure:7258: gcc -o conftest -g -O2   conftest.c   >&5
configure:7264: $? = 0
configure:7619: creating ./config.status

## ---------------------- ##
## Running config.status. ##
## ---------------------- ##

This file was extended by config.status, which was
generated by GNU Autoconf 2.61.  Invocation command line was

  CONFIG_FILES    = 
  CONFIG_HEADERS  = 
  CONFIG_LINKS    = 
  CONFIG_COMMANDS = 
  $ ./config.status 

on linux

config.status:672: creating Makefile
config.status:672: creating src/Makefile
config.status:672: creating po/Makefile.in
config.status:672: creating config.h
config.status:905: config.h is unchanged
config.status:951: executing depfiles commands
config.status:951: executing default-1 commands

## ---------------- ##
## Cache variables. ##
## ---------------- ##

ac_cv_build=i686-suse-linux-gnu
ac_cv_c_compiler_gnu=yes
ac_cv_env_CC_set=
ac_cv_env_CC_value=
ac_cv_env_CFLAGS_set=
ac_cv_env_CFLAGS_value=
ac_cv_env_CPPFLAGS_set=
ac_cv_env_CPPFLAGS_value=
ac_cv_env_CPP_set=
ac_cv_env_CPP_value=
ac_cv_env_LDFLAGS_set=
ac_cv_env_LDFLAGS_value=
ac_cv_env_LIBS_set=
ac_cv_env_LIBS_value=
ac_cv_env_PACKAGE_CFLAGS_set=
ac_cv_env_PACKAGE_CFLAGS_value=
ac_cv_env_PACKAGE_LIBS_set=
ac_cv_env_PACKAGE_LIBS_value=
ac_cv_env_PKG_CONFIG_set=
ac_cv_env_PKG_CONFIG_value=
ac_cv_env_build_alias_set=
ac_cv_env_build_alias_value=
ac_cv_env_host_alias_set=
ac_cv_env_host_alias_value=
ac_cv_env_target_alias_set=
ac_cv_env_target_alias_value=
ac_cv_func_bind_textdomain_codeset=yes
ac_cv_func_dcgettext=yes
ac_cv_header_inttypes_h=yes
ac_cv_header_libintl_h=yes
ac_cv_header_locale_h=yes
ac_cv_header_memory_h=yes
ac_cv_header_stdc=yes
ac_cv_header_stdint_h=yes
ac_cv_header_stdlib_h=yes
ac_cv_header_string_h=yes
ac_cv_header_strings_h=yes
ac_cv_header_sys_stat_h=yes
ac_cv_header_sys_types_h=yes
ac_cv_header_unistd_h=yes
ac_cv_host=i686-suse-linux-gnu
ac_cv_objext=o
ac_cv_path_EGREP='/usr/bin/grep -E'
ac_cv_path_GMSGFMT=/usr/bin/msgfmt
ac_cv_path_GREP=/usr/bin/grep
ac_cv_path_MSGFMT=/usr/bin/msgfmt
ac_cv_path_XGETTEXT=/usr/bin/xgettext
ac_cv_path_ac_pt_PKG_CONFIG=/usr/bin/pkg-config
ac_cv_path_install='/usr/bin/install -c'
ac_cv_path_mkdir=/bin/mkdir
ac_cv_prog_AWK=gawk
ac_cv_prog_CPP='gcc -E'
ac_cv_prog_ac_ct_CC=gcc
ac_cv_prog_cc_c89=
ac_cv_prog_cc_g=yes
ac_cv_prog_make_make_set=yes
ac_cv_search_strerror='none required'
am_cv_CC_dependencies_compiler_type=gcc3
am_cv_prog_cc_stdc=
am_cv_val_LC_MESSAGES=yes
gt_cv_func_dgettext_libc=yes
gt_cv_func_dgettext_libintl=no
gt_cv_func_ngettext_libc=yes
gt_cv_have_gettext=yes
pkg_cv_PACKAGE_CFLAGS='-I/usr/include/gtk-2.0 -I/usr/lib/gtk-2.0/include -I/usr/include/atk-1.0 -I/usr/include/cairo -I/usr/include/pango-1.0 -I/usr/include/glib-2.0 -I/usr/lib/glib-2.0/include -I/usr/include/freetype2 -I/usr/include/libpng12  '
pkg_cv_PACKAGE_LIBS='-lgtk-x11-2.0 -lgdk-x11-2.0 -latk-1.0 -lgdk_pixbuf-2.0 -lpangocairo-1.0 -lpango-1.0 -lcairo -lgobject-2.0 -lgmodule-2.0 -ldl -lglib-2.0  '

## ----------------- ##
## Output variables. ##
## ----------------- ##

ACLOCAL='${SHELL} /home/darksid3hack0r/Projects/facetracker/missing --run aclocal-1.10'
AMDEPBACKSLASH='\'
AMDEP_FALSE='#'
AMDEP_TRUE=''
AMTAR='${SHELL} /home/darksid3hack0r/Projects/facetracker/missing --run tar'
AUTOCONF='${SHELL} /home/darksid3hack0r/Projects/facetracker/missing --run autoconf'
AUTOHEADER='${SHELL} /home/darksid3hack0r/Projects/facetracker/missing --run autoheader'
AUTOMAKE='${SHELL} /home/darksid3hack0r/Projects/facetracker/missing --run automake-1.10'
AWK='gawk'
CATALOGS=''
CATOBJEXT='.gmo'
CC='gcc'
CCDEPMODE='depmode=gcc3'
CFLAGS='-g -O2'
CPP='gcc -E'
CPPFLAGS=''
CYGPATH_W='echo'
DATADIRNAME='share'
DEFS='-DHAVE_CONFIG_H'
DEPDIR='.deps'
ECHO_C=''
ECHO_N='-n'
ECHO_T=''
EGREP='/usr/bin/grep -E'
EXEEXT=''
GETTEXT_PACKAGE='facetracker'
GMOFILES=''
GMSGFMT='/usr/bin/msgfmt'
GREP='/usr/bin/grep'
INSTALL_DATA='${INSTALL} -m 644'
INSTALL_PROGRAM='${INSTALL}'
INSTALL_SCRIPT='${INSTALL}'
INSTALL_STRIP_PROGRAM='$(install_sh) -c -s'
INSTOBJEXT='.mo'
INTLLIBS=''
LDFLAGS=''
LIBOBJS=''
LIBS=''
LTLIBOBJS=''
MAINT='#'
MAINTAINER_MODE_FALSE=''
MAINTAINER_MODE_TRUE='#'
MAKEINFO='${SHELL} /home/darksid3hack0r/Projects/facetracker/missing --run makeinfo'
MSGFMT='/usr/bin/msgfmt'
MSGFMT_OPTS='-c'
OBJEXT='o'
PACKAGE='facetracker'
PACKAGE_BUGREPORT=''
PACKAGE_CFLAGS='-I/usr/include/gtk-2.0 -I/usr/lib/gtk-2.0/include -I/usr/include/atk-1.0 -I/usr/include/cairo -I/usr/include/pango-1.0 -I/usr/include/glib-2.0 -I/usr/lib/glib-2.0/include -I/usr/include/freetype2 -I/usr/include/libpng12  '
PACKAGE_LIBS='-lgtk-x11-2.0 -lgdk-x11-2.0 -latk-1.0 -lgdk_pixbuf-2.0 -lpangocairo-1.0 -lpango-1.0 -lcairo -lgobject-2.0 -lgmodule-2.0 -ldl -lglib-2.0  '
PACKAGE_NAME=''
PACKAGE_STRING=''
PACKAGE_TARNAME=''
PACKAGE_VERSION=''
PATH_SEPARATOR=':'
PKG_CONFIG='/usr/bin/pkg-config'
POFILES=''
POSUB='po'
PO_IN_DATADIR_FALSE=''
PO_IN_DATADIR_TRUE=''
SET_MAKE=''
SHELL='/bin/sh'
STRIP=''
USE_NLS='yes'
VERSION='0.1'
XGETTEXT='/usr/bin/xgettext'
ac_ct_CC='gcc'
am__fastdepCC_FALSE='#'
am__fastdepCC_TRUE=''
am__include='include'
am__isrc=''
am__leading_dot='.'
am__quote=''
am__tar='${AMTAR} chof - "$$tardir"'
am__untar='${AMTAR} xf -'
bindir='${exec_prefix}/bin'
build='i686-suse-linux-gnu'
build_alias=''
build_cpu='i686'
build_os='linux-gnu'
build_vendor='suse'
datadir='${datarootdir}'
datarootdir='${prefix}/share'
docdir='${datarootdir}/doc/${PACKAGE}'
dvidir='${docdir}'
exec_prefix='${prefix}'
host='i686-suse-linux-gnu'
host_alias=''
host_cpu='i686'
host_os='linux-gnu'
host_vendor='suse'
htmldir='${docdir}'
includedir='${prefix}/include'
infodir='${datarootdir}/info'
install_sh='$(SHELL) /home/darksid3hack0r/Projects/facetracker/install-sh'
libdir='${exec_prefix}/lib'
libexecdir='${exec_prefix}/libexec'
localedir='${datarootdir}/locale'
localstatedir='${prefix}/var'
mandir='${datarootdir}/man'
mkdir_p='/bin/mkdir -p'
oldincludedir='/usr/include'
pdfdir='${docdir}'
prefix='/usr/local'
program_transform_name='s,x,x,'
psdir='${docdir}'
sbindir='${exec_prefix}/sbin'
sharedstatedir='${prefix}/com'
sysconfdir='${prefix}/etc'
target_alias=''

## ----------- ##
## confdefs.h. ##
## ----------- ##

#define PACKAGE_NAME ""
#define PACKAGE_TARNAME ""
#define PACKAGE_VERSION ""
#define PACKAGE_STRING ""
#define PACKAGE_BUGREPORT ""
#define PACKAGE "facetracker"
#define VERSION "0.1"
#define STDC_HEADERS 1
#define GETTEXT_PACKAGE "facetracker"
#define HAVE_SYS_TYPES_H 1
#define HAVE_SYS_STAT_H 1
#define HAVE_STDLIB_H 1
#define HAVE_STRING_H 1
#define HAVE_MEMORY_H 1
#define HAVE_STRINGS_H 1
#define HAVE_INTTYPES_H 1
#define HAVE_STDINT_H 1
#define HAVE_UNISTD_H 1
#define HAVE_LOCALE_H 1
#define HAVE_LC_MESSAGES 1
#define HAVE_BIND_TEXTDOMAIN_CODESET 1
#define HAVE_GETTEXT 1
#define HAVE_DCGETTEXT 1
#define ENABLE_NLS 1

configure: exit 0
