This file contains any messages produced by compilers while
running configure, to aid debugging if configure makes a mistake.

It was created by pam-face-authentication configure 0.1, which was
generated by GNU Autoconf 2.61.  Invocation command line was

  $ ./configure --no-create --no-recursion

## --------- ##
## Platform. ##
## --------- ##

hostname = linux
uname -m = i686
uname -r = 2.6.22.5-31-default
uname -s = Linux
uname -v = #1 SMP 2007/09/21 22:29:00 UTC

/usr/bin/uname -p = unknown
/bin/uname -X     = unknown

/bin/arch              = i686
/usr/bin/arch -k       = unknown
/usr/convex/getsysinfo = unknown
/usr/bin/hostinfo      = unknown
/bin/machine           = unknown
/usr/bin/oslevel       = unknown
/bin/universe          = unknown

PATH: /home/darksid3hack0r/bin
PATH: /usr/local/bin
PATH: /usr/bin
PATH: /sbin
PATH: /usr/sbin
PATH: /bin
PATH: /usr/bin/X11
PATH: /usr/X11R6/bin
PATH: /usr/games
PATH: /opt/kde3/bin
PATH: /usr/lib/mit/bin
PATH: /usr/lib/mit/sbin
PATH: /usr/lib/qt3/bin


## ----------- ##
## Core tests. ##
## ----------- ##

configure:1790: checking for a BSD-compatible install
configure:1846: result: /usr/bin/install -c
configure:1857: checking whether build environment is sane
configure:1900: result: yes
configure:1924: WARNING: `missing' script is too old or missing
configure:1928: checking for a thread-safe mkdir -p
configure:1967: result: /bin/mkdir -p
configure:1980: checking for gawk
configure:1996: found /usr/bin/gawk
configure:2007: result: gawk
configure:2018: checking whether make sets $(MAKE)
configure:2039: result: yes
configure:2279: checking for gcc
configure:2295: found /usr/bin/gcc
configure:2306: result: gcc
configure:2544: checking for C compiler version
configure:2551: gcc --version >&5
gcc (GCC) 4.2.1 (SUSE Linux)
Copyright (C) 2007 Free Software Foundation, Inc.
This is free software; see the source for copying conditions.  There is NO
warranty; not even for MERCHANTABILITY or FITNESS FOR A PARTICULAR PURPOSE.

configure:2554: $? = 0
configure:2561: gcc -v >&5
Using built-in specs.
Target: i586-suse-linux
Configured with: ../configure --enable-threads=posix --prefix=/usr --with-local-prefix=/usr/local --infodir=/usr/share/info --mandir=/usr/share/man --libdir=/usr/lib --libexecdir=/usr/lib --enable-languages=c,c++,objc,fortran,obj-c++,java,ada --enable-checking=release --with-gxx-include-dir=/usr/include/c++/4.2.1 --enable-ssp --disable-libssp --disable-libgcj --with-slibdir=/lib --with-system-zlib --enable-shared --enable-__cxa_atexit --enable-libstdcxx-allocator=new --disable-libstdcxx-pch --program-suffix=-4.2 --enable-version-specific-runtime-libs --without-system-libunwind --with-cpu=generic --host=i586-suse-linux
Thread model: posix
gcc version 4.2.1 (SUSE Linux)
configure:2564: $? = 0
configure:2571: gcc -V >&5
gcc: '-V' option must have argument
configure:2574: $? = 1
configure:2597: checking for C compiler default output file name
configure:2624: gcc    conftest.c  >&5
configure:2627: $? = 0
configure:2665: result: a.out
configure:2682: checking whether the C compiler works
configure:2692: ./a.out
configure:2695: $? = 0
configure:2712: result: yes
configure:2719: checking whether we are cross compiling
configure:2721: result: no
configure:2724: checking for suffix of executables
configure:2731: gcc -o conftest    conftest.c  >&5
configure:2734: $? = 0
configure:2758: result: 
configure:2764: checking for suffix of object files
configure:2790: gcc -c   conftest.c >&5
configure:2793: $? = 0
configure:2816: result: o
configure:2820: checking whether we are using the GNU C compiler
configure:2849: gcc -c   conftest.c >&5
configure:2855: $? = 0
configure:2872: result: yes
configure:2877: checking whether gcc accepts -g
configure:2907: gcc -c -g  conftest.c >&5
configure:2913: $? = 0
configure:3012: result: yes
configure:3029: checking for gcc option to accept ISO C89
configure:3103: gcc  -c -g -O2  conftest.c >&5
configure:3109: $? = 0
configure:3132: result: none needed
configure:3161: checking for style of include used by make
configure:3189: result: GNU
configure:3214: checking dependency style of gcc
configure:3305: result: none
configure:3327: checking for main in -ldl
configure:3356: gcc -o conftest -g -O2   conftest.c -ldl   >&5
configure:3362: $? = 0
configure:3380: result: yes
configure:3392: checking for main in -lpam
configure:3421: gcc -o conftest -g -O2   conftest.c -lpam  -ldl  >&5
configure:3427: $? = 0
configure:3445: result: yes
configure:3461: checking for pow in -lm
configure:3496: gcc -o conftest -g -O2   conftest.c -lm  -lpam -ldl  >&5
conftest.c:19: warning: conflicting types for built-in function 'pow'
configure:3502: $? = 0
configure:3520: result: yes
configure:3532: checking for cblas_dgemm in -lgslcblas
configure:3567: gcc -o conftest -g -O2   conftest.c -lgslcblas  -lm -lpam -ldl  >&5
configure:3573: $? = 0
configure:3591: result: yes
configure:3603: checking for gsl_blas_dgemm in -lgsl
configure:3638: gcc -o conftest -g -O2   conftest.c -lgsl  -lgslcblas -lm -lpam -ldl  >&5
configure:3644: $? = 0
configure:3662: result: yes
configure:3674: checking for main in -lgsl
configure:3703: gcc -o conftest -g -O2   conftest.c -lgsl  -lgsl -lgslcblas -lm -lpam -ldl  >&5
configure:3709: $? = 0
configure:3727: result: yes
configure:3792: checking for pkg-config
configure:3810: found /usr/bin/pkg-config
configure:3822: result: /usr/bin/pkg-config
configure:3851: checking pkg-config is at least version 0.9.0
configure:3854: result: yes
configure:3865: checking for gsl
configure:3873: $PKG_CONFIG --exists --print-errors "gsl >= 1.9"
configure:3876: $? = 0
configure:3891: $PKG_CONFIG --exists --print-errors "gsl >= 1.9"
configure:3894: $? = 0
configure:3970: result: yes
configure:3976: checking for OPENCV
configure:3984: $PKG_CONFIG --exists --print-errors "opencv >= 1.0.0"
configure:3987: $? = 0
configure:4002: $PKG_CONFIG --exists --print-errors "opencv >= 1.0.0"
configure:4005: $? = 0
configure:4081: result: yes
configure:4092: checking how to run the C preprocessor
configure:4132: gcc -E  conftest.c
configure:4138: $? = 0
configure:4169: gcc -E  conftest.c
conftest.c:16:28: error: ac_nonexistent.h: No such file or directory
configure:4175: $? = 1
configure: failed program was:
| /* confdefs.h.  */
| #define PACKAGE_NAME "pam-face-authentication"
| #define PACKAGE_TARNAME "pam-face-authentication"
| #define PACKAGE_VERSION "0.1"
| #define PACKAGE_STRING "pam-face-authentication 0.1"
| #define PACKAGE_BUGREPORT "http://code.google.com/p/pam_face_authentication/issues/list"
| #define PACKAGE "pam-face-authentication"
| #define VERSION "0.1"
| #define HAVE_LIBDL 1
| #define HAVE_LIBPAM 1
| #define HAVE_LIBM 1
| #define HAVE_LIBGSLCBLAS 1
| #define HAVE_LIBGSL 1
| #define HAVE_LIBGSL 1
| /* end confdefs.h.  */
| #include <ac_nonexistent.h>
configure:4208: result: gcc -E
configure:4237: gcc -E  conftest.c
configure:4243: $? = 0
configure:4274: gcc -E  conftest.c
conftest.c:16:28: error: ac_nonexistent.h: No such file or directory
configure:4280: $? = 1
configure: failed program was:
| /* confdefs.h.  */
| #define PACKAGE_NAME "pam-face-authentication"
| #define PACKAGE_TARNAME "pam-face-authentication"
| #define PACKAGE_VERSION "0.1"
| #define PACKAGE_STRING "pam-face-authentication 0.1"
| #define PACKAGE_BUGREPORT "http://code.google.com/p/pam_face_authentication/issues/list"
| #define PACKAGE "pam-face-authentication"
| #define VERSION "0.1"
| #define HAVE_LIBDL 1
| #define HAVE_LIBPAM 1
| #define HAVE_LIBM 1
| #define HAVE_LIBGSLCBLAS 1
| #define HAVE_LIBGSL 1
| #define HAVE_LIBGSL 1
| /* end confdefs.h.  */
| #include <ac_nonexistent.h>
configure:4318: checking for grep that handles long lines and -e
configure:4392: result: /usr/bin/grep
configure:4397: checking for egrep
configure:4475: result: /usr/bin/grep -E
configure:4480: checking for ANSI C header files
configure:4510: gcc -c -g -O2  conftest.c >&5
configure:4516: $? = 0
configure:4615: gcc -o conftest -g -O2   conftest.c -lgsl -lgsl -lgslcblas -lm -lpam -ldl  >&5
configure:4618: $? = 0
configure:4624: ./conftest
configure:4627: $? = 0
configure:4644: result: yes
configure:4668: checking for sys/types.h
configure:4689: gcc -c -g -O2  conftest.c >&5
configure:4695: $? = 0
configure:4711: result: yes
configure:4668: checking for sys/stat.h
configure:4689: gcc -c -g -O2  conftest.c >&5
configure:4695: $? = 0
configure:4711: result: yes
configure:4668: checking for stdlib.h
configure:4689: gcc -c -g -O2  conftest.c >&5
configure:4695: $? = 0
configure:4711: result: yes
configure:4668: checking for string.h
configure:4689: gcc -c -g -O2  conftest.c >&5
configure:4695: $? = 0
configure:4711: result: yes
configure:4668: checking for memory.h
configure:4689: gcc -c -g -O2  conftest.c >&5
configure:4695: $? = 0
configure:4711: result: yes
configure:4668: checking for strings.h
configure:4689: gcc -c -g -O2  conftest.c >&5
configure:4695: $? = 0
configure:4711: result: yes
configure:4668: checking for inttypes.h
configure:4689: gcc -c -g -O2  conftest.c >&5
configure:4695: $? = 0
configure:4711: result: yes
configure:4668: checking for stdint.h
configure:4689: gcc -c -g -O2  conftest.c >&5
configure:4695: $? = 0
configure:4711: result: yes
configure:4668: checking for unistd.h
configure:4689: gcc -c -g -O2  conftest.c >&5
configure:4695: $? = 0
configure:4711: result: yes
configure:4742: checking float.h usability
configure:4759: gcc -c -g -O2  conftest.c >&5
configure:4765: $? = 0
configure:4779: result: yes
configure:4783: checking float.h presence
configure:4798: gcc -E  conftest.c
configure:4804: $? = 0
configure:4818: result: yes
configure:4851: checking for float.h
configure:4859: result: yes
configure:4742: checking limits.h usability
configure:4759: gcc -c -g -O2  conftest.c >&5
configure:4765: $? = 0
configure:4779: result: yes
configure:4783: checking limits.h presence
configure:4798: gcc -E  conftest.c
configure:4804: $? = 0
configure:4818: result: yes
configure:4851: checking for limits.h
configure:4859: result: yes
configure:4732: checking for stdlib.h
configure:4738: result: yes
configure:4732: checking for string.h
configure:4738: result: yes
configure:4732: checking for unistd.h
configure:4738: result: yes
configure:4887: checking dlfcn.h usability
configure:4904: gcc -c -g -O2  conftest.c >&5
configure:4910: $? = 0
configure:4924: result: yes
configure:4928: checking dlfcn.h presence
configure:4943: gcc -E  conftest.c
configure:4949: $? = 0
configure:4963: result: yes
configure:4996: checking for dlfcn.h
configure:5004: result: yes
configure:5023: checking for an ANSI C-conforming const
configure:5098: gcc -c -g -O2  conftest.c >&5
configure:5104: $? = 0
configure:5119: result: yes
configure:5247: creating ./config.status

## ---------------- ##
## Cache variables. ##
## ---------------- ##

ac_cv_c_compiler_gnu=yes
ac_cv_c_const=yes
ac_cv_env_CC_set=
ac_cv_env_CC_value=
ac_cv_env_CFLAGS_set=
ac_cv_env_CFLAGS_value=
ac_cv_env_CPPFLAGS_set=
ac_cv_env_CPPFLAGS_value=
ac_cv_env_CPP_set=
ac_cv_env_CPP_value=
ac_cv_env_LDFLAGS_set=
ac_cv_env_LDFLAGS_value=
ac_cv_env_LIBS_set=
ac_cv_env_LIBS_value=
ac_cv_env_OPENCV_CFLAGS_set=
ac_cv_env_OPENCV_CFLAGS_value=
ac_cv_env_OPENCV_LIBS_set=
ac_cv_env_OPENCV_LIBS_value=
ac_cv_env_PKG_CONFIG_set=
ac_cv_env_PKG_CONFIG_value=
ac_cv_env_build_alias_set=
ac_cv_env_build_alias_value=
ac_cv_env_gsl_CFLAGS_set=
ac_cv_env_gsl_CFLAGS_value=
ac_cv_env_gsl_LIBS_set=
ac_cv_env_gsl_LIBS_value=
ac_cv_env_host_alias_set=
ac_cv_env_host_alias_value=
ac_cv_env_target_alias_set=
ac_cv_env_target_alias_value=
ac_cv_header_dlfcn_h=yes
ac_cv_header_float_h=yes
ac_cv_header_inttypes_h=yes
ac_cv_header_limits_h=yes
ac_cv_header_memory_h=yes
ac_cv_header_stdc=yes
ac_cv_header_stdint_h=yes
ac_cv_header_stdlib_h=yes
ac_cv_header_string_h=yes
ac_cv_header_strings_h=yes
ac_cv_header_sys_stat_h=yes
ac_cv_header_sys_types_h=yes
ac_cv_header_unistd_h=yes
ac_cv_lib_dl_main=yes
ac_cv_lib_gsl_gsl_blas_dgemm=yes
ac_cv_lib_gsl_main=yes
ac_cv_lib_gslcblas_cblas_dgemm=yes
ac_cv_lib_m_pow=yes
ac_cv_lib_pam_main=yes
ac_cv_objext=o
ac_cv_path_EGREP='/usr/bin/grep -E'
ac_cv_path_GREP=/usr/bin/grep
ac_cv_path_ac_pt_PKG_CONFIG=/usr/bin/pkg-config
ac_cv_path_install='/usr/bin/install -c'
ac_cv_path_mkdir=/bin/mkdir
ac_cv_prog_AWK=gawk
ac_cv_prog_CPP='gcc -E'
ac_cv_prog_ac_ct_CC=gcc
ac_cv_prog_cc_c89=
ac_cv_prog_cc_g=yes
ac_cv_prog_make_make_set=yes
am_cv_CC_dependencies_compiler_type=none
pkg_cv_OPENCV_CFLAGS='-I/opencv_library_install_path/opencv-1.0.0/include/opencv  '
pkg_cv_OPENCV_LIBS='-L/opencv_library_install_path/opencv-1.0.0/lib -lcxcore -lcv -lhighgui -lcvaux -lml  '
pkg_cv_gsl_CFLAGS='-I/usr/local/include  '
pkg_cv_gsl_LIBS='-L/usr/local/lib -lgsl -lgslcblas -lm  '

## ----------------- ##
## Output variables. ##
## ----------------- ##

ACLOCAL='aclocal-1.10'
AMDEPBACKSLASH='\'
AMDEP_FALSE='#'
AMDEP_TRUE=''
AMTAR='tar'
AUTOCONF='autoconf'
AUTOHEADER='autoheader'
AUTOMAKE='automake-1.10'
AWK='gawk'
CC='gcc'
CCDEPMODE='depmode=none'
CFLAGS='-g -O2'
CPP='gcc -E'
CPPFLAGS=''
CYGPATH_W='echo'
DEFS='-DHAVE_CONFIG_H'
DEPDIR='.deps'
ECHO_C=''
ECHO_N='-n'
ECHO_T=''
EGREP='/usr/bin/grep -E'
EXEEXT=''
GREP='/usr/bin/grep'
INSTALL_DATA='${INSTALL} -m 644'
INSTALL_PROGRAM='${INSTALL}'
INSTALL_SCRIPT='${INSTALL}'
INSTALL_STRIP_PROGRAM='$(install_sh) -c -s'
LDFLAGS=''
LIBOBJS=''
LIBS='-lgsl -lgsl -lgslcblas -lm -lpam -ldl '
LTLIBOBJS=''
MAKEINFO='makeinfo'
OBJEXT='o'
OPENCV_CFLAGS='-I/opencv_library_install_path/opencv-1.0.0/include/opencv  '
OPENCV_LIBS='-L/opencv_library_install_path/opencv-1.0.0/lib -lcxcore -lcv -lhighgui -lcvaux -lml  '
PACKAGE='pam-face-authentication'
PACKAGE_BUGREPORT='http://code.google.com/p/pam_face_authentication/issues/list'
PACKAGE_NAME='pam-face-authentication'
PACKAGE_STRING='pam-face-authentication 0.1'
PACKAGE_TARNAME='pam-face-authentication'
PACKAGE_VERSION='0.1'
PATH_SEPARATOR=':'
PKG_CONFIG='/usr/bin/pkg-config'
SET_MAKE=''
SHELL='/bin/sh'
STRIP=''
VERSION='0.1'
ac_ct_CC='gcc'
am__fastdepCC_FALSE=''
am__fastdepCC_TRUE='#'
am__include='include'
am__isrc=''
am__leading_dot='.'
am__quote=''
am__tar='${AMTAR} chof - "$$tardir"'
am__untar='${AMTAR} xf -'
bindir='${exec_prefix}/bin'
build_alias=''
datadir='${datarootdir}'
datarootdir='${prefix}/share'
docdir='${datarootdir}/doc/${PACKAGE_TARNAME}'
dvidir='${docdir}'
exec_prefix='${prefix}'
gsl_CFLAGS='-I/usr/local/include  '
gsl_LIBS='-L/usr/local/lib -lgsl -lgslcblas -lm  '
host_alias=''
htmldir='${docdir}'
includedir='${prefix}/include'
infodir='${datarootdir}/info'
install_sh='$(SHELL) /home/darksid3hack0r/Desktop/gSOC/Code/Main Copy/install-sh'
libdir='${exec_prefix}/lib'
libexecdir='${exec_prefix}/libexec'
localedir='${datarootdir}/locale'
localstatedir='${prefix}/var'
mandir='${datarootdir}/man'
mkdir_p='/bin/mkdir -p'
oldincludedir='/usr/include'
pdfdir='${docdir}'
prefix='/usr/local'
program_transform_name='s,x,x,'
psdir='${docdir}'
sbindir='${exec_prefix}/sbin'
sharedstatedir='${prefix}/com'
sysconfdir='${prefix}/etc'
target_alias=''

## ----------- ##
## confdefs.h. ##
## ----------- ##

#define PACKAGE_NAME "pam-face-authentication"
#define PACKAGE_TARNAME "pam-face-authentication"
#define PACKAGE_VERSION "0.1"
#define PACKAGE_STRING "pam-face-authentication 0.1"
#define PACKAGE_BUGREPORT "http://code.google.com/p/pam_face_authentication/issues/list"
#define PACKAGE "pam-face-authentication"
#define VERSION "0.1"
#define HAVE_LIBDL 1
#define HAVE_LIBPAM 1
#define HAVE_LIBM 1
#define HAVE_LIBGSLCBLAS 1
#define HAVE_LIBGSL 1
#define HAVE_LIBGSL 1
#define STDC_HEADERS 1
#define HAVE_SYS_TYPES_H 1
#define HAVE_SYS_STAT_H 1
#define HAVE_STDLIB_H 1
#define HAVE_STRING_H 1
#define HAVE_MEMORY_H 1
#define HAVE_STRINGS_H 1
#define HAVE_INTTYPES_H 1
#define HAVE_STDINT_H 1
#define HAVE_UNISTD_H 1
#define HAVE_FLOAT_H 1
#define HAVE_LIMITS_H 1
#define HAVE_STDLIB_H 1
#define HAVE_STRING_H 1
#define HAVE_UNISTD_H 1
#define HAVE_DLFCN_H 1

configure: exit 0

## ---------------------- ##
## Running config.status. ##
## ---------------------- ##

This file was extended by pam-face-authentication config.status 0.1, which was
generated by GNU Autoconf 2.61.  Invocation command line was

  CONFIG_FILES    = 
  CONFIG_HEADERS  = 
  CONFIG_LINKS    = 
  CONFIG_COMMANDS = 
  $ ./config.status 

on linux

config.status:640: creating Makefile
config.status:640: creating config.h
config.status:877: config.h is unchanged
config.status:923: executing depfiles commands
